 
New instance of bashtop version: 0.9.25 Pid: 32583
 
New instance of bashtop version: 0.9.25 Pid: 809
 
New instance of bashtop version: 0.9.25 Pid: 15121
 
New instance of bashtop version: 0.9.25 Pid: 101452
 
New instance of bashtop version: 0.9.25 Pid: 2493
 
New instance of bashtop version: 0.9.25 Pid: 24007
 
New instance of bashtop version: 0.9.25 Pid: 25945
 
New instance of bashtop version: 0.9.25 Pid: 82055
 
New instance of bashtop version: 0.9.25 Pid: 319739
 
New instance of bashtop version: 0.9.25 Pid: 320307
 
New instance of bashtop version: 0.9.25 Pid: 136932
 
New instance of bashtop version: 0.9.25 Pid: 14311
 
New instance of bashtop version: 0.9.25 Pid: 4096
 
New instance of bashtop version: 0.9.25 Pid: 34125
 
New instance of bashtop version: 0.9.25 Pid: 37345
 
New instance of bashtop version: 0.9.25 Pid: 111363
 
New instance of bashtop version: 0.9.25 Pid: 554783
 
New instance of bashtop version: 0.9.25 Pid: 11866
 
New instance of bashtop version: 0.9.25 Pid: 22630
 
New instance of bashtop version: 0.9.25 Pid: 15004
 
New instance of bashtop version: 0.9.25 Pid: 26447
 
New instance of bashtop version: 0.9.25 Pid: 7483
 
New instance of bashtop version: 0.9.25 Pid: 1263
 
New instance of bashtop version: 0.9.25 Pid: 13330
 
New instance of bashtop version: 0.9.25 Pid: 51152
 
New instance of bashtop version: 0.9.25 Pid: 33414
 
New instance of bashtop version: 0.9.25 Pid: 38425
 
New instance of bashtop version: 0.9.25 Pid: 41643
 
New instance of bashtop version: 0.9.25 Pid: 68650
 
New instance of bashtop version: 0.9.25 Pid: 62244
 
New instance of bashtop version: 0.9.25 Pid: 62740
 
New instance of bashtop version: 0.9.25 Pid: 19248
/usr/bin/bashtop: line 1337: ((: Pid: Program:       Arguments:                                   Threads: User:    Mem%       Cpu%: syntax error in expression (error token is ": Program:       Arguments:                                   Threads: User:    Mem%       Cpu%")
/usr/bin/bashtop: line 1347: ((: Pid: Program:       Arguments:                                   Threads: User:    Mem%       Cpu%: syntax error in expression (error token is ": Program:       Arguments:                                   Threads: User:    Mem%       Cpu%")
/usr/bin/bashtop: line 1353: ((: Pid: Program:       Arguments:                                   Threads: User:    Mem%       Cpu%: syntax error in expression (error token is ": Program:       Arguments:                                   Threads: User:    Mem%       Cpu%")
/usr/bin/bashtop: line 1334: ((: Pid: Program:       Arguments:                                   Threads: User:    Mem%       Cpu%: syntax error in expression (error token is ": Program:       Arguments:                                   Threads: User:    Mem%       Cpu%")
/usr/bin/bashtop: line 1347: ((: Pid: Program:       Arguments:                                   Threads: User:    Mem%       Cpu%: syntax error in expression (error token is ": Program:       Arguments:                                   Threads: User:    Mem%       Cpu%")
/usr/bin/bashtop: line 1353: ((: Pid: Program:       Arguments:                                   Threads: User:    Mem%       Cpu%: syntax error in expression (error token is ": Program:       Arguments:                                   Threads: User:    Mem%       Cpu%")
/usr/bin/bashtop: line 1334: ((: Pid: Program:       Arguments:                                   Threads: User:    Mem%       Cpu%: syntax error in expression (error token is ": Program:       Arguments:                                   Threads: User:    Mem%       Cpu%")
/usr/bin/bashtop: line 3037: Pid: Program:       Arguments:                                   Threads: User:    Mem%       Cpu%: syntax error in expression (error token is ": Program:       Arguments:                                   Threads: User:    Mem%       Cpu%")
 
New instance of bashtop version: 0.9.25 Pid: 32604
 
New instance of bashtop version: 0.9.25 Pid: 6736
10:15:51 AM ERROR: On line 1887 
10:15:51 AM ERROR: On line 1887 (MUTED!)
/usr/bin/bashtop: line 1334: ((: 1.72  1.51  0.99  : syntax error: invalid arithmetic operator (error token is ".72  1.51  0.99  ")
/usr/bin/bashtop: line 1334: ((: 1.72  1.51  0.99  : syntax error: invalid arithmetic operator (error token is ".72  1.51  0.99  ")
/usr/bin/bashtop: line 3037: 1.72  1.51  0.99  : syntax error: invalid arithmetic operator (error token is ".72  1.51  0.99  ")
 
New instance of bashtop version: 0.9.25 Pid: 11484
 
New instance of bashtop version: 0.9.25 Pid: 11189
 
New instance of bashtop version: 0.9.25 Pid: 9143
 
New instance of bashtop version: 0.9.25 Pid: 45196
 
New instance of bashtop version: 0.9.25 Pid: 41797
 
New instance of bashtop version: 0.9.25 Pid: 8624
 
New instance of bashtop version: 0.9.25 Pid: 2222
 
New instance of bashtop version: 0.9.25 Pid: 79062
 
New instance of bashtop version: 0.9.25 Pid: 82978
 
New instance of bashtop version: 0.9.25 Pid: 93079
 
New instance of bashtop version: 0.9.25 Pid: 21283
 
New instance of bashtop version: 0.9.25 Pid: 13446
 
New instance of bashtop version: 0.9.25 Pid: 1830
 
New instance of bashtop version: 0.9.25 Pid: 93421
 
New instance of bashtop version: 0.9.25 Pid: 7145
 
New instance of bashtop version: 0.9.25 Pid: 9354
 
New instance of bashtop version: 0.9.25 Pid: 48760
 
New instance of bashtop version: 0.9.25 Pid: 46882
 
New instance of bashtop version: 0.9.25 Pid: 72678
 
New instance of bashtop version: 0.9.25 Pid: 74200
 
New instance of bashtop version: 0.9.25 Pid: 201917
 
New instance of bashtop version: 0.9.25 Pid: 209413
 
New instance of bashtop version: 0.9.25 Pid: 48978
 
New instance of bashtop version: 0.9.25 Pid: 8538
 
New instance of bashtop version: 0.9.25 Pid: 8078
