
2022/08/17 (01:04:40) | ===> btop++ v.1.2.8
2022/08/17 (01:04:40) | WARNING: No good candidate for cpu sensor found, using random from all found sensors.

2022/08/17 (01:06:03) | ===> btop++ v.1.2.8
2022/08/17 (01:06:03) | WARNING: No good candidate for cpu sensor found, using random from all found sensors.

2022/08/17 (01:07:11) | ===> btop++ v.1.2.8
2022/08/17 (01:07:11) | WARNING: No good candidate for cpu sensor found, using random from all found sensors.

2022/08/17 (11:36:27) | ===> btop++ v.1.2.8
2022/08/17 (11:36:27) | WARNING: No good candidate for cpu sensor found, using random from all found sensors.

2022/08/20 (13:55:03) | ===> btop++ v.1.2.8
2022/08/20 (13:55:03) | WARNING: No good candidate for cpu sensor found, using random from all found sensors.

2022/08/20 (13:55:09) | ===> btop++ v.1.2.8
2022/08/20 (13:55:09) | WARNING: No good candidate for cpu sensor found, using random from all found sensors.

2022/08/22 (23:09:26) | ===> btop++ v.1.2.8
2022/08/22 (23:09:26) | WARNING: No good candidate for cpu sensor found, using random from all found sensors.

2022/08/23 (01:59:04) | ===> btop++ v.1.2.8
2022/08/23 (01:59:04) | WARNING: No good candidate for cpu sensor found, using random from all found sensors.

2022/08/23 (02:01:41) | ===> btop++ v.1.2.8
2022/08/23 (02:01:41) | WARNING: No good candidate for cpu sensor found, using random from all found sensors.

2022/08/23 (02:05:49) | ===> btop++ v.1.2.8
2022/08/23 (02:05:49) | WARNING: No good candidate for cpu sensor found, using random from all found sensors.

2022/08/23 (18:34:14) | ===> btop++ v.1.2.8
2022/08/23 (18:34:14) | WARNING: No good candidate for cpu sensor found, using random from all found sensors.

2022/08/23 (19:32:11) | ===> btop++ v.1.2.8
2022/08/23 (19:32:11) | WARNING: No good candidate for cpu sensor found, using random from all found sensors.

2022/08/29 (19:48:34) | ===> btop++ v.1.2.9
2022/08/29 (19:48:34) | WARNING: No good candidate for cpu sensor found, using random from all found sensors.

2022/08/29 (21:23:49) | ===> btop++ v.1.2.9
2022/08/29 (21:23:49) | WARNING: No good candidate for cpu sensor found, using random from all found sensors.

2022/08/29 (21:35:53) | ===> btop++ v.1.2.9
2022/08/29 (21:35:53) | WARNING: No good candidate for cpu sensor found, using random from all found sensors.

2022/08/29 (22:00:25) | ===> btop++ v.1.2.9
2022/08/29 (22:00:25) | WARNING: No good candidate for cpu sensor found, using random from all found sensors.

2022/09/01 (21:40:49) | ===> btop++ v.1.2.9
2022/09/01 (21:40:49) | WARNING: No good candidate for cpu sensor found, using random from all found sensors.

2022/09/01 (21:50:22) | ===> btop++ v.1.2.9
2022/09/01 (21:50:22) | WARNING: No good candidate for cpu sensor found, using random from all found sensors.

2022/09/03 (11:10:06) | ===> btop++ v.1.2.9
2022/09/03 (11:10:06) | WARNING: No good candidate for cpu sensor found, using random from all found sensors.
2022/09/03 (11:15:18) | INFO: Logger set to INFO
2022/09/03 (11:15:20) | INFO: Logger set to DEBUG

2022/09/03 (12:38:16) | ===> btop++ v.1.2.9
2022/09/03 (12:38:16) | WARNING: No good candidate for cpu sensor found, using random from all found sensors.

2022/09/06 (00:08:45) | ===> btop++ v.1.2.9
2022/09/06 (00:08:45) | WARNING: No good candidate for cpu sensor found, using random from all found sensors.

2022/09/06 (12:11:29) | ===> btop++ v.1.2.9
2022/09/06 (12:11:29) | WARNING: No good candidate for cpu sensor found, using random from all found sensors.

2022/09/06 (12:12:19) | ===> btop++ v.1.2.9
2022/09/06 (12:12:19) | WARNING: No good candidate for cpu sensor found, using random from all found sensors.

2022/09/06 (12:37:32) | ===> btop++ v.1.2.9
2022/09/06 (12:37:32) | WARNING: No good candidate for cpu sensor found, using random from all found sensors.

2022/09/06 (12:39:10) | ===> btop++ v.1.2.9
2022/09/06 (12:39:10) | WARNING: No good candidate for cpu sensor found, using random from all found sensors.

2022/09/06 (12:39:16) | ===> btop++ v.1.2.9
2022/09/06 (12:39:16) | WARNING: No good candidate for cpu sensor found, using random from all found sensors.

2022/09/08 (19:33:14) | ===> btop++ v.1.2.9
2022/09/08 (19:33:14) | WARNING: No good candidate for cpu sensor found, using random from all found sensors.

2022/09/08 (19:34:30) | ===> btop++ v.1.2.9
2022/09/08 (19:34:30) | WARNING: No good candidate for cpu sensor found, using random from all found sensors.

2022/09/08 (21:19:12) | ===> btop++ v.1.2.9
2022/09/08 (21:19:12) | WARNING: No good candidate for cpu sensor found, using random from all found sensors.

2022/09/08 (21:22:59) | ===> btop++ v.1.2.9
2022/09/08 (21:22:59) | WARNING: No good candidate for cpu sensor found, using random from all found sensors.

2022/09/08 (21:23:38) | ===> btop++ v.1.2.9
2022/09/08 (21:23:38) | WARNING: No good candidate for cpu sensor found, using random from all found sensors.

2022/09/08 (21:52:11) | ===> btop++ v.1.2.9
2022/09/08 (21:52:11) | WARNING: No good candidate for cpu sensor found, using random from all found sensors.

2022/09/08 (23:40:43) | ===> btop++ v.1.2.9
2022/09/08 (23:40:43) | WARNING: No good candidate for cpu sensor found, using random from all found sensors.

2022/09/09 (21:45:50) | ===> btop++ v.1.2.9
2022/09/09 (21:45:50) | WARNING: No good candidate for cpu sensor found, using random from all found sensors.

2022/09/10 (00:07:26) | ===> btop++ v.1.2.9
2022/09/10 (00:07:26) | WARNING: No good candidate for cpu sensor found, using random from all found sensors.

2022/09/10 (00:09:56) | ===> btop++ v.1.2.9
2022/09/10 (00:09:56) | WARNING: No good candidate for cpu sensor found, using random from all found sensors.

2022/09/10 (11:24:04) | ===> btop++ v.1.2.9
2022/09/10 (11:24:04) | WARNING: No good candidate for cpu sensor found, using random from all found sensors.

2022/09/10 (12:10:47) | ===> btop++ v.1.2.9
2022/09/10 (12:10:47) | WARNING: No good candidate for cpu sensor found, using random from all found sensors.

2022/09/10 (13:05:54) | ===> btop++ v.1.2.9
2022/09/10 (13:05:54) | WARNING: No good candidate for cpu sensor found, using random from all found sensors.

2022/09/12 (18:44:01) | ===> btop++ v.1.2.9
2022/09/12 (18:44:01) | WARNING: No good candidate for cpu sensor found, using random from all found sensors.

2022/09/12 (18:55:37) | ===> btop++ v.1.2.9
2022/09/12 (18:55:37) | WARNING: No good candidate for cpu sensor found, using random from all found sensors.

2022/09/12 (19:09:46) | ===> btop++ v.1.2.9
2022/09/12 (19:09:46) | WARNING: No good candidate for cpu sensor found, using random from all found sensors.

2022/09/12 (19:31:08) | ===> btop++ v.1.2.9
2022/09/12 (19:31:08) | WARNING: No good candidate for cpu sensor found, using random from all found sensors.

2022/09/12 (20:13:04) | ===> btop++ v.1.2.9
2022/09/12 (20:13:04) | WARNING: No good candidate for cpu sensor found, using random from all found sensors.

2022/09/12 (22:21:06) | ===> btop++ v.1.2.9
2022/09/12 (22:21:06) | WARNING: No good candidate for cpu sensor found, using random from all found sensors.

2022/09/13 (10:13:51) | ===> btop++ v.1.2.9
2022/09/13 (10:13:51) | WARNING: No good candidate for cpu sensor found, using random from all found sensors.

2022/09/13 (22:03:15) | ===> btop++ v.1.2.9
2022/09/13 (22:03:15) | WARNING: No good candidate for cpu sensor found, using random from all found sensors.

2022/09/13 (22:26:01) | ===> btop++ v.1.2.9
2022/09/13 (22:26:01) | WARNING: No good candidate for cpu sensor found, using random from all found sensors.

2022/09/14 (17:51:58) | ===> btop++ v.1.2.9
2022/09/14 (17:51:58) | WARNING: No good candidate for cpu sensor found, using random from all found sensors.

2022/09/14 (19:51:40) | ===> btop++ v.1.2.9
2022/09/14 (19:51:40) | WARNING: No good candidate for cpu sensor found, using random from all found sensors.

2022/09/14 (20:24:01) | ===> btop++ v.1.2.9
2022/09/14 (20:24:01) | WARNING: No good candidate for cpu sensor found, using random from all found sensors.

2022/09/14 (21:17:24) | ===> btop++ v.1.2.9
2022/09/14 (21:17:24) | WARNING: No good candidate for cpu sensor found, using random from all found sensors.

2022/09/14 (23:44:13) | ===> btop++ v.1.2.9
2022/09/14 (23:44:13) | WARNING: No good candidate for cpu sensor found, using random from all found sensors.

2022/09/15 (10:53:45) | ===> btop++ v.1.2.9
2022/09/15 (10:53:45) | WARNING: No good candidate for cpu sensor found, using random from all found sensors.

2022/09/15 (11:14:17) | ===> btop++ v.1.2.9
2022/09/15 (11:14:17) | WARNING: No good candidate for cpu sensor found, using random from all found sensors.

2022/09/15 (12:46:41) | ===> btop++ v.1.2.9
2022/09/15 (12:46:41) | WARNING: No good candidate for cpu sensor found, using random from all found sensors.

2022/09/15 (12:47:12) | ===> btop++ v.1.2.9
2022/09/15 (12:47:12) | WARNING: No good candidate for cpu sensor found, using random from all found sensors.

2022/09/15 (13:46:21) | ===> btop++ v.1.2.9
2022/09/15 (13:46:21) | WARNING: No good candidate for cpu sensor found, using random from all found sensors.

2022/09/15 (15:20:58) | ===> btop++ v.1.2.9
2022/09/15 (15:20:58) | WARNING: No good candidate for cpu sensor found, using random from all found sensors.

2022/09/15 (22:53:44) | ===> btop++ v.1.2.9
2022/09/15 (22:53:44) | WARNING: No good candidate for cpu sensor found, using random from all found sensors.

2022/09/16 (22:43:12) | ===> btop++ v.1.2.9
2022/09/16 (22:43:12) | WARNING: No good candidate for cpu sensor found, using random from all found sensors.

2022/09/19 (11:35:11) | ===> btop++ v.1.2.9
2022/09/19 (11:35:11) | WARNING: No good candidate for cpu sensor found, using random from all found sensors.

2022/09/19 (23:25:13) | ===> btop++ v.1.2.9
2022/09/19 (23:25:13) | WARNING: No good candidate for cpu sensor found, using random from all found sensors.

2022/09/19 (23:26:32) | ===> btop++ v.1.2.9
2022/09/19 (23:26:32) | WARNING: No good candidate for cpu sensor found, using random from all found sensors.

2022/09/19 (23:27:02) | ===> btop++ v.1.2.9
2022/09/19 (23:27:02) | WARNING: No good candidate for cpu sensor found, using random from all found sensors.

2022/09/20 (12:11:52) | ===> btop++ v.1.2.9
2022/09/20 (12:11:52) | WARNING: No good candidate for cpu sensor found, using random from all found sensors.
2022/09/20 (12:15:09) | ERROR: Invalid RGB decimal value: "ba1a84"

2022/09/20 (20:27:18) | ===> btop++ v.1.2.9
2022/09/20 (20:27:18) | WARNING: No good candidate for cpu sensor found, using random from all found sensors.

2022/09/21 (13:17:47) | ===> btop++ v.1.2.9
2022/09/21 (13:17:47) | WARNING: No good candidate for cpu sensor found, using random from all found sensors.

2022/09/21 (13:19:25) | ===> btop++ v.1.2.9
2022/09/21 (13:19:25) | WARNING: No good candidate for cpu sensor found, using random from all found sensors.

2022/09/21 (14:40:27) | ===> btop++ v.1.2.9
2022/09/21 (14:40:27) | WARNING: No good candidate for cpu sensor found, using random from all found sensors.

2022/09/21 (22:51:59) | ===> btop++ v.1.2.9
2022/09/21 (22:51:59) | WARNING: No good candidate for cpu sensor found, using random from all found sensors.

2022/09/21 (22:52:56) | ===> btop++ v.1.2.9
2022/09/21 (22:52:56) | WARNING: No good candidate for cpu sensor found, using random from all found sensors.

2022/09/21 (22:55:42) | ===> btop++ v.1.2.9
2022/09/21 (22:55:42) | WARNING: No good candidate for cpu sensor found, using random from all found sensors.

2022/09/22 (13:10:02) | ===> btop++ v.1.2.9
2022/09/22 (13:10:02) | WARNING: No good candidate for cpu sensor found, using random from all found sensors.

2022/09/22 (21:23:26) | ===> btop++ v.1.2.9
2022/09/22 (21:23:26) | WARNING: No good candidate for cpu sensor found, using random from all found sensors.

2022/09/22 (21:24:15) | ===> btop++ v.1.2.9
2022/09/22 (21:24:15) | WARNING: No good candidate for cpu sensor found, using random from all found sensors.

2022/09/23 (17:36:17) | ===> btop++ v.1.2.9
2022/09/23 (17:36:17) | WARNING: No good candidate for cpu sensor found, using random from all found sensors.

2022/09/23 (18:09:38) | ===> btop++ v.1.2.9
2022/09/23 (18:09:38) | WARNING: No good candidate for cpu sensor found, using random from all found sensors.

2022/09/23 (18:11:31) | ===> btop++ v.1.2.9
2022/09/23 (18:11:31) | WARNING: No good candidate for cpu sensor found, using random from all found sensors.

2022/09/23 (18:13:35) | ===> btop++ v.1.2.9
2022/09/23 (18:13:35) | WARNING: No good candidate for cpu sensor found, using random from all found sensors.

2022/09/23 (18:13:53) | ===> btop++ v.1.2.9
2022/09/23 (18:13:53) | WARNING: No good candidate for cpu sensor found, using random from all found sensors.

2022/09/23 (20:10:06) | ===> btop++ v.1.2.9
2022/09/23 (20:10:06) | WARNING: No good candidate for cpu sensor found, using random from all found sensors.

2022/09/23 (21:44:38) | ===> btop++ v.1.2.9
2022/09/23 (21:44:38) | WARNING: No good candidate for cpu sensor found, using random from all found sensors.

2022/09/29 (18:52:41) | ===> btop++ v.1.2.9
2022/09/29 (18:52:41) | WARNING: No good candidate for cpu sensor found, using random from all found sensors.

2022/09/29 (20:46:49) | ===> btop++ v.1.2.9
2022/09/29 (20:46:49) | WARNING: No good candidate for cpu sensor found, using random from all found sensors.

2022/09/29 (22:21:10) | ===> btop++ v.1.2.9
2022/09/29 (22:21:10) | WARNING: No good candidate for cpu sensor found, using random from all found sensors.

2022/09/30 (20:47:26) | ===> btop++ v.1.2.9
2022/09/30 (20:47:26) | WARNING: No good candidate for cpu sensor found, using random from all found sensors.

2022/10/01 (12:32:07) | ===> btop++ v.1.2.9
2022/10/01 (12:32:07) | WARNING: No good candidate for cpu sensor found, using random from all found sensors.

2022/10/02 (14:07:39) | ===> btop++ v.1.2.9
2022/10/02 (14:07:39) | WARNING: No good candidate for cpu sensor found, using random from all found sensors.

2022/10/02 (20:29:40) | ===> btop++ v.1.2.9
2022/10/02 (20:29:40) | WARNING: No good candidate for cpu sensor found, using random from all found sensors.

2022/10/02 (22:46:28) | ===> btop++ v.1.2.9
2022/10/02 (22:46:28) | WARNING: No good candidate for cpu sensor found, using random from all found sensors.

2022/10/03 (13:41:52) | ===> btop++ v.1.2.9
2022/10/03 (13:41:52) | WARNING: No good candidate for cpu sensor found, using random from all found sensors.

2022/10/03 (21:45:52) | ===> btop++ v.1.2.9
2022/10/03 (21:45:52) | WARNING: No good candidate for cpu sensor found, using random from all found sensors.

2022/10/05 (21:36:48) | ===> btop++ v.1.2.9
2022/10/05 (21:36:48) | WARNING: No good candidate for cpu sensor found, using random from all found sensors.

2022/10/10 (22:53:06) | ===> btop++ v.1.2.12
2022/10/10 (22:53:06) | WARNING: No good candidate for cpu sensor found, using random from all found sensors.

2022/10/16 (20:29:21) | ===> btop++ v.1.2.12
2022/10/16 (20:29:21) | WARNING: No good candidate for cpu sensor found, using random from all found sensors.
